1号  16:25:56    4   “小米画报”正在运行   可能导致系统卡顿，降低待机时间，点按关闭     
1号  16:25:57    com.xiaomi.mi_connect_service   扫描设备   正在扫描周围设备     
1号  19:1:0    4   “小米画报”正在运行   可能导致系统卡顿，降低待机时间，点按关闭     
1号  19:1:1    com.xiaomi.mi_connect_service   扫描设备   正在扫描周围设备     
1号  19:1:3    com.mi.health   后台服务   用于后台采集服务     
1号  19:1:9    4   “小米画报”正在运行   可能导致系统卡顿，降低待机时间，点按关闭     
1号  19:1:10    com.xiaomi.mi_connect_service   扫描设备   正在扫描周围设备     
1号  19:1:10    com.mi.health   后台服务   用于后台采集服务     
1号  19:1:16    com.mi.health   后台服务   用于后台采集服务     
1号  19:1:26    3   吴必林   [叹气]     
1号  19:1:33    2   下线通知   你的帐号于19:01在另一台Android手机登录了QQ。如非本人操作，则密码可能已泄露，建议前往http://aq.qq.com/修改密码或紧急冻结帐号。     
1号  19:1:41    com.xiaomi.hm.health   小米运动   手环未连接     
1号  19:1:43    com.xiaomi.hm.health   小米运动   手环未连接     
1号  19:1:52    3   吴必林   [2条]吴必林: 没胃口[撇嘴]     
1号  19:1:57    3   吴必林   [3条]吴必林: 算了     
1号  19:2:6    3   吴必林   [4条]吴必林: 去黄泉路走走吧     
1号  19:2:6    com.xiaomi.hm.health   小米运动   手环未连接     
1号  19:2:8    com.xiaomi.hm.health   小米运动   手环未连接     
1号  19:2:12    com.xiaomi.hm.health   小米运动   手环未连接     
1号  19:2:14    com.xiaomi.hm.health   小米运动   手环未连接     
1号  19:2:44    com.xiaomi.hm.health   小米运动   手环未连接     
1号  19:2:46    com.xiaomi.hm.health   小米运动   手环未连接     
1号  19:2:50    com.xiaomi.hm.health   小米运动   手环未连接     
1号  19:2:52    com.xiaomi.hm.health   小米运动   手环未连接     
1号  19:2:56    com.xiaomi.hm.health   小米运动   手环未连接     
1号  19:2:58    com.xiaomi.hm.health   小米运动   手环未连接     
1号  19:3:2    com.xiaomi.hm.health   小米运动   手环未连接     
1号  19:3:2    com.xiaomi.hm.health   小米运动   手环未连接     
1号  19:3:5    com.xiaomi.hm.health   小米运动   手环未连接     
1号  19:3:5    com.xiaomi.hm.health   小米运动   手环未连接     
1号  19:4:7    com.xiaomi.hm.health   小米运动   手环未连接     
1号  19:4:7    com.xiaomi.hm.health   小米运动   手环未连接     
1号  19:4:7    com.xiaomi.hm.health   小米运动   手环未连接     
1号  19:4:7    com.xiaomi.hm.health   小米运动   手环未连接     
1号  19:4:7    com.xiaomi.hm.health   小米运动   手环未连接     
1号  19:4:7    com.xiaomi.hm.health   小米运动   手环未连接     
1号  19:4:7    com.xiaomi.hm.health   小米运动   手环未连接     
1号  19:4:7    com.xiaomi.hm.health   小米运动   手环未连接     
1号  19:4:7    com.xiaomi.hm.health   小米运动   手环未连接     
1号  19:4:7    com.xiaomi.hm.health   小米运动   手环未连接     
1号  19:4:7    com.xiaomi.hm.health   小米运动   手环未连接     
1号  19:4:7    com.xiaomi.hm.health   小米运动   手环未连接     
1号  19:4:7    com.xiaomi.hm.health   小米运动   手环未连接     
1号  19:4:7    com.xiaomi.hm.health   小米运动   手环未连接     
1号  19:4:7    com.xiaomi.hm.health   小米运动   手环未连接     
1号  19:4:7    com.xiaomi.hm.health   小米运动   手环未连接     
1号  19:4:7    com.xiaomi.hm.health   小米运动   手环未连接     
1号  19:4:7    com.xiaomi.hm.health   小米运动   手环未连接     
1号  19:4:9    com.xiaomi.hm.health   小米运动   手环未连接     
1号  19:4:17    com.xiaomi.hm.health   小米运动   手环未连接     
1号  19:4:19    com.xiaomi.hm.health   小米运动   手环未连接     
1号  19:4:27    com.xiaomi.hm.health   小米运动   手环未连接     
1号  19:4:29    com.xiaomi.hm.health   小米运动   手环未连接     
1号  19:4:35    com.xiaomi.hm.health   小米运动   手环未连接     
1号  19:4:37    com.xiaomi.hm.health   小米运动   手环未连接     
1号  19:4:48    com.xiaomi.hm.health   小米运动   手环未连接     
1号  19:4:49    com.xiaomi.simactivate.service   正在获取服务信息   null     
1号  19:4:49    com.xiaomi.simactivate.service   正在获取服务信息   null     
1号  19:4:50    com.xiaomi.hm.health   小米运动   手环未连接     
1号  19:4:58    com.xiaomi.hm.health   小米运动   手环未连接     
1号  19:5:0    com.xiaomi.hm.health   小米运动   手环未连接     
1号  19:5:3    com.xiaomi.hm.health   小米运动   手环未连接     
1号  19:5:5    com.xiaomi.hm.health   小米运动   手环未连接     
1号  19:5:8    com.xiaomi.hm.health   小米运动   手环未连接     
1号  19:5:10    com.xiaomi.hm.health   小米运动   手环未连接     
1号  19:5:14    com.xiaomi.hm.health   小米运动   手环未连接     
1号  19:5:16    com.xiaomi.hm.health   小米运动   手环未连接     
1号  19:5:17    com.xiaomi.hm.health   小米运动   手环未连接     
1号  19:5:19    com.xiaomi.hm.health   小米运动   手环未连接     
1号  19:5:23    com.xiaomi.hm.health   小米运动   手环未连接     
1号  19:5:25    com.xiaomi.hm.health   小米运动   手环未连接     
1号  19:5:28    com.xiaomi.hm.health   小米运动   手环未连接     
1号  19:5:30    com.xiaomi.hm.health   小米运动   手环未连接     
1号  19:5:38    com.xiaomi.hm.health   小米运动   手环未连接     
1号  19:5:40    com.xiaomi.hm.health   小米运动   手环未连接     
1号  19:5:42    com.xiaomi.hm.health   小米运动   手环未连接     
1号  19:5:44    com.xiaomi.hm.health   小米运动   手环未连接     
1号  19:5:48    com.xiaomi.hm.health   小米运动   手环未连接     
1号  19:5:48    com.xiaomi.hm.health   小米运动   手环未连接     
1号  19:5:48    com.xiaomi.hm.health   小米运动   手环未连接     
1号  19:5:48    com.xiaomi.hm.health   小米运动   手环未连接     
1号  19:5:55    com.xiaomi.hm.health   小米运动   手环已连接     
1号  19:5:55    com.xiaomi.hm.health   小米运动   手环未连接     
1号  19:5:57    com.xiaomi.hm.health   小米运动   手环未连接     
1号  19:6:0    com.xiaomi.hm.health   小米运动   手环未连接     
1号  19:6:2    com.xiaomi.hm.health   小米运动   手环未连接     
1号  19:6:3    com.xiaomi.hm.health   小米运动   手环未连接     
1号  19:6:3    com.xiaomi.hm.health   小米运动   手环未连接     
1号  19:6:3    com.xiaomi.hm.health   小米运动   手环未连接     
1号  19:6:3    com.xiaomi.hm.health   小米运动   手环未连接     
1号  19:6:12    com.xiaomi.hm.health   小米运动   手环已连接     
1号  19:6:58    com.xiaomi.hm.health   小米运动   手环未连接     
1号  19:7:0    com.xiaomi.hm.health   小米运动   手环未连接     
1号  19:7:4    com.xiaomi.hm.health   小米运动   手环未连接     
1号  19:7:6    com.xiaomi.hm.health   小米运动   手环未连接     
1号  19:7:7    com.xiaomi.hm.health   小米运动   手环未连接     
1号  19:7:7    com.xiaomi.hm.health   小米运动   手环未连接     
1号  19:7:7    com.xiaomi.hm.health   小米运动   手环未连接     
1号  19:7:7    com.xiaomi.hm.health   小米运动   手环未连接     
1号  19:7:14    com.xiaomi.hm.health   小米运动   手环已连接     
1号  19:10:14    com.xiaomi.hm.health   小米运动   手环未连接     
1号  19:10:16    com.xiaomi.hm.health   小米运动   手环未连接     
1号  19:10:23    com.xiaomi.hm.health   小米运动   手环未连接     
1号  19:10:25    com.xiaomi.hm.health   小米运动   手环未连接     
1号  19:10:31    com.xiaomi.hm.health   小米运动   手环未连接     
1号  19:10:33    com.xiaomi.hm.health   小米运动   手环未连接     
1号  19:10:40    com.xiaomi.hm.health   小米运动   手环未连接     
1号  19:10:42    com.xiaomi.hm.health   小米运动   手环未连接     
1号  19:10:44    com.xiaomi.hm.health   小米运动   手环未连接     
1号  19:10:46    com.xiaomi.hm.health   小米运动   手环未连接     
1号  19:10:53    com.xiaomi.hm.health   小米运动   手环未连接     
1号  19:10:53    com.xiaomi.hm.health   小米运动   手环未连接     
1号  19:10:54    com.xiaomi.hm.health   小米运动   手环未连接     
1号  19:10:54    com.xiaomi.hm.health   小米运动   手环未连接     
1号  19:11:13    com.xiaomi.hm.health   小米运动   手环已连接     
1号  19:11:13    com.xiaomi.hm.health   小米运动   手环未连接     
1号  19:11:15    com.xiaomi.hm.health   小米运动   手环未连接     
1号  19:11:18    com.xiaomi.hm.health   小米运动   手环未连接     
1号  19:11:20    com.xiaomi.hm.health   小米运动   手环未连接     
1号  19:11:23    com.xiaomi.hm.health   小米运动   手环未连接     
1号  19:11:23    com.xiaomi.hm.health   小米运动   手环未连接     
1号  19:11:23    com.xiaomi.hm.health   小米运动   手环未连接     
1号  19:11:23    com.xiaomi.hm.health   小米运动   手环未连接     
1号  19:11:34    com.xiaomi.hm.health   小米运动   手环已连接     
1号  19:11:34    com.xiaomi.hm.health   小米运动   手环未连接     
1号  19:11:36    com.xiaomi.hm.health   小米运动   手环未连接     
1号  19:11:50    com.xiaomi.hm.health   小米运动   手环未连接     
1号  19:11:52    com.xiaomi.hm.health   小米运动   手环未连接     
1号  19:11:58    com.xiaomi.hm.health   小米运动   手环未连接     
1号  19:12:0    com.xiaomi.hm.health   小米运动   手环未连接     
1号  19:12:5    com.xiaomi.hm.health   小米运动   手环未连接     
1号  19:12:7    com.xiaomi.hm.health   小米运动   手环未连接     
1号  19:12:17    com.xiaomi.hm.health   小米运动   手环未连接     
1号  19:12:19    com.xiaomi.hm.health   小米运动   手环未连接     
1号  19:12:20    com.xiaomi.hm.health   小米运动   手环未连接     
1号  19:12:22    com.xiaomi.hm.health   小米运动   手环未连接     
1号  19:12:23    com.xiaomi.hm.health   小米运动   手环未连接     
1号  19:12:23    com.xiaomi.hm.health   小米运动   手环未连接     
1号  19:12:23    com.xiaomi.hm.health   小米运动   手环未连接     
1号  19:12:23    com.xiaomi.hm.health   小米运动   手环未连接     
1号  19:12:28    com.xiaomi.hm.health   小米运动   手环已连接     
1号  19:14:9    com.xiaomi.hm.health   小米运动   手环未连接     
1号  19:14:11    com.xiaomi.hm.health   小米运动   手环未连接     
1号  19:14:22    com.xiaomi.hm.health   小米运动   手环未连接     
1号  19:14:24    com.xiaomi.hm.health   小米运动   手环未连接     
1号  19:14:38    com.xiaomi.hm.health   小米运动   手环未连接     
1号  19:14:40    com.xiaomi.hm.health   小米运动   手环未连接     
1号  19:14:40    com.xiaomi.hm.health   小米运动   手环未连接     
1号  19:14:42    com.xiaomi.hm.health   小米运动   手环未连接     
1号  19:14:46    org.telegram.messenger   Telegram   新消息     
1号  19:14:47    com.xiaomi.hm.health   小米运动   手环未连接     
1号  19:14:49    com.xiaomi.hm.health   小米运动   手环未连接     
1号  19:14:54    com.xiaomi.hm.health   小米运动   手环未连接     
1号  19:14:56    com.xiaomi.hm.health   小米运动   手环未连接     
1号  19:15:1    com.xiaomi.hm.health   小米运动   手环未连接     
1号  19:15:3    com.xiaomi.hm.health   小米运动   手环未连接     
1号  19:15:10    com.xiaomi.hm.health   小米运动   手环未连接     
1号  19:15:12    com.xiaomi.hm.health   小米运动   手环未连接     
1号  19:15:15    org.telegram.messenger   Telegram   新消息     
1号  19:15:20    org.telegram.messenger   Telegram   新消息     
1号  19:15:22    com.xiaomi.hm.health   小米运动   手环未连接     
1号  19:15:22    com.xiaomi.hm.health   小米运动   手环未连接     
1号  19:15:23    com.xiaomi.hm.health   小米运动   手环未连接     
1号  19:15:23    com.xiaomi.hm.health   小米运动   手环未连接     
1号  19:15:36    com.xiaomi.hm.health   小米运动   手环已连接     
1号  19:15:41    com.xiaomi.hm.health   小米运动   手环未连接     
1号  19:15:43    com.xiaomi.hm.health   小米运动   手环未连接     
1号  19:15:48    com.xiaomi.hm.health   小米运动   手环未连接     
1号  19:15:50    com.xiaomi.hm.health   小米运动   手环未连接     
1号  19:15:52    com.xiaomi.hm.health   小米运动   手环未连接     
1号  19:15:54    com.xiaomi.hm.health   小米运动   手环未连接     
1号  19:15:55    com.xiaomi.hm.health   小米运动   手环未连接     
1号  19:15:57    com.xiaomi.hm.health   小米运动   手环未连接     
1号  19:15:57    com.xiaomi.hm.health   小米运动   手环未连接     
1号  19:15:59    com.xiaomi.hm.health   小米运动   手环未连接     
1号  19:16:1    com.xiaomi.hm.health   小米运动   手环未连接     
1号  19:16:1    com.xiaomi.hm.health   小米运动   手环未连接     
1号  19:16:2    com.xiaomi.hm.health   小米运动   手环未连接     
1号  19:16:2    com.xiaomi.hm.health   小米运动   手环未连接     
1号  19:16:25    com.xiaomi.hm.health   小米运动   手环已连接     
1号  19:16:25    com.xiaomi.hm.health   小米运动   手环未连接     
1号  19:16:27    com.xiaomi.hm.health   小米运动   手环未连接     
1号  19:16:32    com.xiaomi.hm.health   小米运动   手环未连接     
1号  19:16:34    com.xiaomi.hm.health   小米运动   手环未连接     
1号  19:16:34    com.xiaomi.hm.health   小米运动   手环未连接     
1号  19:16:34    com.xiaomi.hm.health   小米运动   手环未连接     
1号  19:16:34    com.xiaomi.hm.health   小米运动   手环未连接     
1号  19:16:34    com.xiaomi.hm.health   小米运动   手环未连接     
1号  19:16:40    com.xiaomi.hm.health   小米运动   手环已连接     
1号  19:18:50    org.telegram.messenger   Telegram   新消息     
1号  19:18:58    com.xiaomi.hm.health   小米运动   手环未连接     
1号  19:19:0    com.xiaomi.hm.health   小米运动   手环未连接     
1号  19:19:0    org.telegram.messenger   Telegram   新消息     
1号  19:19:3    com.xiaomi.hm.health   小米运动   手环未连接     
1号  19:19:5    com.xiaomi.hm.health   小米运动   手环未连接     
1号  19:19:5    com.xiaomi.hm.health   小米运动   手环未连接     
1号  19:19:7    com.xiaomi.hm.health   小米运动   手环未连接     
1号  19:19:12    com.xiaomi.hm.health   小米运动   手环未连接     
1号  19:19:12    com.xiaomi.hm.health   小米运动   手环未连接     
1号  19:19:12    com.xiaomi.hm.health   小米运动   手环未连接     
1号  19:19:12    com.xiaomi.hm.health   小米运动   手环未连接     
1号  19:19:18    com.xiaomi.hm.health   小米运动   手环已连接     
1号  19:19:27    com.xiaomi.hm.health   小米运动   手环未连接     
1号  19:19:29    com.xiaomi.hm.health   小米运动   手环未连接     
1号  19:19:33    com.xiaomi.hm.health   小米运动   手环未连接     
1号  19:19:35    com.xiaomi.hm.health   小米运动   手环未连接     
1号  19:19:36    com.xiaomi.hm.health   小米运动   手环未连接     
1号  19:19:36    com.xiaomi.hm.health   小米运动   手环未连接     
1号  19:19:36    com.xiaomi.hm.health   小米运动   手环未连接     
1号  19:19:36    com.xiaomi.hm.health   小米运动   手环未连接     
1号  19:19:43    com.xiaomi.hm.health   小米运动   手环已连接     
1号  19:21:18    com.xiaomi.hm.health   小米运动   手环未连接     
1号  19:21:20    com.xiaomi.hm.health   小米运动   手环未连接     
1号  19:21:24    com.xiaomi.hm.health   小米运动   手环未连接     
1号  19:21:26    com.xiaomi.hm.health   小米运动   手环未连接     
1号  19:21:26    com.xiaomi.hm.health   小米运动   手环未连接     
1号  19:21:28    com.xiaomi.hm.health   小米运动   手环未连接     
1号  19:21:29    com.xiaomi.hm.health   小米运动   手环未连接     
1号  19:21:31    com.xiaomi.hm.health   小米运动   手环未连接     
1号  19:21:41    com.xiaomi.hm.health   小米运动   手环未连接     
1号  19:21:43    com.xiaomi.hm.health   小米运动   手环未连接     
1号  19:21:43    com.xiaomi.hm.health   小米运动   手环未连接     
1号  19:21:45    com.xiaomi.hm.health   小米运动   手环未连接     
1号  19:21:49    com.xiaomi.hm.health   小米运动   手环未连接     
1号  19:21:51    com.xiaomi.hm.health   小米运动   手环未连接     
1号  19:21:53    com.xiaomi.hm.health   小米运动   手环未连接     
1号  19:21:55    com.xiaomi.hm.health   小米运动   手环未连接     
1号  19:21:57    com.xiaomi.hm.health   小米运动   手环未连接     
1号  19:21:59    com.xiaomi.hm.health   小米运动   手环未连接     
1号  19:22:3    com.xiaomi.hm.health   小米运动   手环未连接     
1号  19:22:3    com.xiaomi.hm.health   小米运动   手环未连接     
1号  19:22:3    com.xiaomi.hm.health   小米运动   手环未连接     
1号  19:22:3    com.xiaomi.hm.health   小米运动   手环未连接     
1号  19:22:14    com.xiaomi.hm.health   小米运动   手环已连接     
1号  19:23:20    com.xiaomi.hm.health   小米运动   手环未连接     
1号  19:23:22    com.xiaomi.hm.health   小米运动   手环未连接     
1号  19:23:25    com.xiaomi.hm.health   小米运动   手环未连接     
1号  19:23:27    com.xiaomi.hm.health   小米运动   手环未连接     
1号  19:23:28    com.xiaomi.hm.health   小米运动   手环未连接     
1号  19:23:30    com.xiaomi.hm.health   小米运动   手环未连接     
1号  19:23:32    com.xiaomi.hm.health   小米运动   手环未连接     
1号  19:23:34    com.xiaomi.hm.health   小米运动   手环未连接     
1号  19:23:41    com.xiaomi.hm.health   小米运动   手环未连接     
1号  19:23:41    com.xiaomi.hm.health   小米运动   手环未连接     
1号  19:23:41    com.xiaomi.hm.health   小米运动   手环未连接     
1号  19:23:41    com.xiaomi.hm.health   小米运动   手环未连接     
1号  19:23:47    com.xiaomi.hm.health   小米运动   手环已连接     
1号  19:24:36    com.xiaomi.hm.health   小米运动   手环未连接     
1号  19:24:38    com.xiaomi.hm.health   小米运动   手环未连接     
1号  19:24:40    com.xiaomi.hm.health   小米运动   手环未连接     
1号  19:24:42    com.xiaomi.hm.health   小米运动   手环未连接     
1号  19:24:43    com.xiaomi.hm.health   小米运动   手环未连接     
1号  19:24:43    com.xiaomi.hm.health   小米运动   手环未连接     
1号  19:24:43    com.xiaomi.hm.health   小米运动   手环未连接     
1号  19:24:43    com.xiaomi.hm.health   小米运动   手环未连接     
1号  19:24:48    com.xiaomi.hm.health   小米运动   手环已连接     
1号  19:25:26    com.xiaomi.hm.health   小米运动   手环未连接     
1号  19:25:28    com.xiaomi.hm.health   小米运动   手环未连接     
1号  19:25:30    com.xiaomi.hm.health   小米运动   手环未连接     
1号  19:25:32    com.xiaomi.hm.health   小米运动   手环未连接     
1号  19:25:35    com.xiaomi.hm.health   小米运动   手环未连接     
1号  19:25:37    com.xiaomi.hm.health   小米运动   手环未连接     
1号  19:25:39    com.xiaomi.hm.health   小米运动   手环未连接     
1号  19:25:41    com.xiaomi.hm.health   小米运动   手环未连接     
1号  19:25:46    com.xiaomi.hm.health   小米运动   手环未连接     
1号  19:25:48    com.xiaomi.hm.health   小米运动   手环未连接     
1号  19:25:50    com.xiaomi.hm.health   小米运动   手环未连接     
1号  19:25:52    com.xiaomi.hm.health   小米运动   手环未连接     
1号  19:25:53    com.xiaomi.hm.health   小米运动   手环未连接     
1号  19:25:55    com.xiaomi.hm.health   小米运动   手环未连接     
1号  19:26:1    com.xiaomi.hm.health   小米运动   手环未连接     
1号  19:26:3    com.xiaomi.hm.health   小米运动   手环未连接     
1号  19:26:10    com.xiaomi.hm.health   小米运动   手环未连接     
1号  19:26:12    com.xiaomi.hm.health   小米运动   手环未连接     
1号  19:26:16    com.xiaomi.hm.health   小米运动   手环未连接     
1号  19:26:18    com.xiaomi.hm.health   小米运动   手环未连接     
1号  19:26:18    com.xiaomi.hm.health   小米运动   手环未连接     
1号  19:26:20    com.xiaomi.hm.health   小米运动   手环未连接     
1号  19:26:20    com.xiaomi.hm.health   小米运动   手环未连接     
1号  19:26:20    com.xiaomi.hm.health   小米运动   手环未连接     
1号  19:26:24    com.xiaomi.hm.health   小米运动   手环已连接     
1号  19:27:52    com.xiaomi.hm.health   小米运动   手环未连接     
1号  19:27:56    com.xiaomi.hm.health   小米运动   手环未连接     
1号  19:28:1    com.xiaomi.hm.health   小米运动   手环未连接     
1号  19:28:3    com.xiaomi.hm.health   小米运动   手环未连接     
1号  19:28:9    com.xiaomi.hm.health   小米运动   手环未连接     
1号  19:28:9    com.xiaomi.hm.health   小米运动   手环未连接     
1号  19:28:9    com.xiaomi.hm.health   小米运动   手环未连接     
1号  19:28:9    com.xiaomi.hm.health   小米运动   手环未连接     
1号  19:30:8    com.xiaomi.hm.health   小米运动   手环未连接     
1号  19:30:8    com.xiaomi.hm.health   小米运动   手环未连接     
1号  19:30:8    com.xiaomi.hm.health   小米运动   手环未连接     
1号  19:30:8    com.xiaomi.hm.health   小米运动   手环未连接     
1号  19:30:8    com.xiaomi.hm.health   小米运动   手环未连接     
1号  19:30:8    com.xiaomi.hm.health   小米运动   手环未连接     
1号  19:30:8    com.xiaomi.hm.health   小米运动   手环未连接     
1号  19:30:8    com.xiaomi.hm.health   小米运动   手环未连接     
1号  19:30:8    com.xiaomi.hm.health   小米运动   手环未连接     
1号  19:30:8    com.xiaomi.hm.health   小米运动   手环未连接     
1号  19:30:8    com.xiaomi.hm.health   小米运动   手环未连接     
1号  19:30:10    com.xiaomi.hm.health   小米运动   手环未连接     
1号  19:30:10    com.xiaomi.hm.health   小米运动   手环未连接     
1号  19:30:12    com.xiaomi.hm.health   小米运动   手环未连接     
1号  19:30:12    com.xiaomi.hm.health   小米运动   手环未连接     
1号  19:30:14    com.xiaomi.hm.health   小米运动   手环未连接     
1号  19:30:14    com.xiaomi.hm.health   小米运动   手环未连接     
1号  19:30:16    com.xiaomi.hm.health   小米运动   手环未连接     
1号  19:30:19    com.xiaomi.hm.health   小米运动   手环未连接     
1号  19:30:19    com.xiaomi.hm.health   小米运动   手环未连接     
1号  19:30:19    com.xiaomi.hm.health   小米运动   手环未连接     
1号  19:30:19    com.xiaomi.hm.health   小米运动   手环未连接     
1号  19:30:30    com.xiaomi.hm.health   小米运动   手环已连接     
1号  19:31:33    com.xiaomi.hm.health   小米运动   手环未连接     
1号  19:31:41    com.xiaomi.hm.health   小米运动   手环未连接     
1号  19:31:42    com.xiaomi.hm.health   小米运动   手环未连接     
1号  19:31:44    com.xiaomi.hm.health   小米运动   手环未连接     
1号  19:31:45    com.xiaomi.hm.health   小米运动   手环未连接     
1号  19:31:45    com.xiaomi.hm.health   小米运动   手环未连接     
1号  19:31:45    com.xiaomi.hm.health   小米运动   手环未连接     
1号  19:31:45    com.xiaomi.hm.health   小米运动   手环未连接     
1号  19:31:53    com.xiaomi.hm.health   小米运动   手环已连接     
1号  19:32:0    com.xiaomi.hm.health   小米运动   手环未连接     
1号  19:32:11    com.xiaomi.hm.health   小米运动   手环未连接     
1号  19:32:20    com.xiaomi.hm.health   小米运动   手环未连接     
1号  19:32:27    com.xiaomi.hm.health   小米运动   手环未连接     
1号  19:32:28    com.xiaomi.hm.health   小米运动   手环未连接     
1号  19:32:30    com.xiaomi.hm.health   小米运动   手环未连接     
1号  19:32:33    com.xiaomi.hm.health   小米运动   手环未连接     
1号  19:32:35    com.xiaomi.hm.health   小米运动   手环未连接     
1号  19:32:36    com.xiaomi.hm.health   小米运动   手环未连接     
1号  19:32:36    com.xiaomi.hm.health   小米运动   手环未连接     
1号  19:32:36    com.xiaomi.hm.health   小米运动   手环未连接     
1号  19:32:36    com.xiaomi.hm.health   小米运动   手环未连接     
1号  19:32:40    com.xiaomi.hm.health   小米运动   手环已连接     
3号  11:12:2    android   正在通过 USB 充电   点按即可查看更多选项。     
3号  11:12:2    android   已连接到 USB 调试   点按即可关闭 USB 调试     
3号  11:14:9    com.mi.health   后台服务   用于后台采集服务     
3号  11:14:25    com.xiaomi.hm.health   小米运动   手环未连接     
3号  11:14:26    com.tencent.karaoke   新听众提醒   你的作品《illicit affairs》有新听众，点击查看     
3号  11:14:27    com.xiaomi.hm.health   小米运动   手环未连接     
3号  11:14:30    com.xiaomi.hm.health   小米运动   手环未连接     
3号  11:14:32    com.xiaomi.hm.health   小米运动   手环未连接     
3号  11:14:32    com.xiaomi.hm.health   小米运动   手环未连接     
3号  11:14:34    com.xiaomi.hm.health   小米运动   手环未连接     
3号  11:14:34    com.xiaomi.hm.health   小米运动   手环未连接     
3号  11:14:34    com.xiaomi.hm.health   小米运动   手环未连接     
3号  11:14:38    com.xiaomi.hm.health   小米运动   手环已连接     
3号  11:15:47    com.xiaomi.hm.health   小米运动   手环未连接     
3号  11:15:49    com.xiaomi.hm.health   小米运动   手环未连接     
3号  11:15:53    tv.danmaku.bili   三Lu有毒: 三句话让舔狗磕18万个头   你关注的up主更新啦     
3号  11:15:53    tv.danmaku.bili   GroupSummary   GroupSummary     
3号  11:15:53    com.android.systemui   null   null     
3号  11:15:53    com.android.systemui   null   null     
3号  11:16:3    com.xiaomi.hm.health   小米运动   手环未连接     
3号  11:16:5    com.xiaomi.hm.health   小米运动   手环未连接     
3号  11:16:5    com.xiaomi.hm.health   小米运动   手环未连接     
3号  11:16:7    com.xiaomi.hm.health   小米运动   手环未连接     
3号  11:16:7    com.xiaomi.hm.health   小米运动   手环未连接     
3号  11:16:7    com.xiaomi.hm.health   小米运动   手环未连接     
3号  11:16:11    com.xiaomi.hm.health   小米运动   手环已连接     
3号  11:17:6    4   “小米画报”正在运行   可能导致系统卡顿，降低待机时间，点按关闭     
3号  11:17:7    com.xiaomi.mi_connect_service   扫描设备   正在扫描周围设备     
3号  11:17:7    com.android.systemui   null   null     
3号  11:17:7    com.mi.health   后台服务   用于后台采集服务     
3号  11:17:11    com.android.systemui   null   null     
3号  11:17:11    com.android.systemui   null   null     
3号  11:18:30    com.autonavi.minimap   停课、停业、停运、停售！近期非必要不离家   又一地发布最新通告，详情速看→     
3号  11:18:30    com.android.systemui   null   null     
3号  11:18:30    com.android.systemui   null   null     
3号  11:19:2    com.baidu.tieba   苹果12吧   网友恶搞iPhone One     
3号  11:19:2    com.android.systemui   null   null     
3号  11:19:2    com.android.systemui   null   null     
3号  11:19:12    com.android.systemui   null   null     
3号  11:19:13    com.mi.health   后台服务   用于后台采集服务     
3号  11:20:21    4   “小米画报”正在运行   可能导致系统卡顿，降低待机时间，点按关闭     
3号  11:20:21    com.xiaomi.mi_connect_service   扫描设备   正在扫描周围设备     
3号  11:20:22    com.android.systemui   null   null     
3号  11:20:22    com.mi.health   后台服务   用于后台采集服务     
3号  11:22:41    com.android.systemui   null   null     
3号  11:22:41    com.mi.health   后台服务   用于后台采集服务     
3号  11:25:0    4   “小米画报”正在运行   可能导致系统卡顿，降低待机时间，点按关闭     
3号  11:25:1    com.xiaomi.mi_connect_service   扫描设备   正在扫描周围设备     
3号  11:25:1    com.android.systemui   null   null     
3号  11:25:2    com.mi.health   后台服务   用于后台采集服务     
3号  11:25:6    com.android.systemui   null   null     
3号  11:25:6    com.android.systemui   null   null     
3号  11:25:40    com.mi.health   后台服务   用于后台采集服务     
3号  11:27:4    4   “小米画报”正在运行   可能导致系统卡顿，降低待机时间，点按关闭     
3号  11:27:4    com.xiaomi.mi_connect_service   扫描设备   正在扫描周围设备     
3号  11:27:5    com.mi.health   后台服务   用于后台采集服务     
3号  11:27:10    com.xiaomi.simactivate.service   正在获取服务信息   null     
3号  11:27:10    com.xiaomi.simactivate.service   正在获取服务信息   null     
3号  11:27:57    4   “小米画报”正在运行   可能导致系统卡顿，降低待机时间，点按关闭     
3号  11:27:57    com.mi.health   后台服务   用于后台采集服务     
3号  11:28:0    com.mi.health   后台服务   用于后台采集服务     
3号  11:40:59    4   “小米画报”正在运行   可能导致系统卡顿，降低待机时间，点按关闭     
3号  11:41:0    com.mi.health   后台服务   用于后台采集服务     
3号  11:41:0    com.xiaomi.mi_connect_service   扫描设备   正在扫描周围设备     
3号  11:41:2    com.mi.health   后台服务   用于后台采集服务     
3号  11:43:5    com.mi.health   后台服务   用于后台采集服务     
3号  11:51:27    tv.danmaku.bili   指法芬芳张大仙: 王者荣耀大仙，爷青回！梦境大乱斗练剑法，克隆模式在塔下跪求一死   你关注的up主近期新作【22万播放·1万点赞】     
3号  11:51:27    com.android.systemui   null   null     
3号  11:52:15    2   下线通知   你的帐号于11:52在另一台Android手机登录了QQ。如非本人操作，则密码可能已泄露，建议前往http://aq.qq.com/修改密码或紧急冻结帐号。     
3号  11:56:42    com.smzdm.client.android   [绝对值]388.5元 汾酒 有新的好价   PLUS会员:汾酒 青花20 53度 清香型白酒 500ml，京东plus售价510元，下单2件，参加每满300元减30元活动，店铺页面领取满199元享85折优惠券，实付777元包邮，合388.5元/件~     
3号  11:56:42    com.android.systemui   null   null     
3号  12:4:26    com.xiaomi.vipaccount   📢小米社区3.0全新内测机制发布   点击查看详细说明>>     
3号  12:5:30    com.android.mms   “短信”正在运行   可能导致系统卡顿，降低待机时间，点按关闭     
3号  12:5:30    com.android.mms   “短信”正在运行   可能导致系统卡顿，降低待机时间，点按关闭     
3号  12:5:30    com.android.mms   “短信”正在运行   可能导致系统卡顿，降低待机时间，点按关闭     
3号  12:5:30    com.android.mms   “短信”正在运行   可能导致系统卡顿，降低待机时间，点按关闭     
3号  12:5:30    com.android.mms   “短信”正在运行   可能导致系统卡顿，降低待机时间，点按关闭     
3号  12:5:30    com.android.mms   “短信”正在运行   可能导致系统卡顿，降低待机时间，点按关闭     
3号  12:5:30    com.android.mms   “短信”正在运行   可能导致系统卡顿，降低待机时间，点按关闭     
3号  12:5:30    com.android.mms   “短信”正在运行   可能导致系统卡顿，降低待机时间，点按关闭     
3号  12:5:30    com.android.mms   “短信”正在运行   可能导致系统卡顿，降低待机时间，点按关闭     
3号  12:5:30    com.android.mms   “短信”正在运行   可能导致系统卡顿，降低待机时间，点按关闭     
3号  12:5:30    com.android.mms   “短信”正在运行   可能导致系统卡顿，降低待机时间，点按关闭     
3号  12:5:30    com.android.mms   “短信”正在运行   可能导致系统卡顿，降低待机时间，点按关闭     
3号  12:5:30    com.android.mms   “短信”正在运行   可能导致系统卡顿，降低待机时间，点按关闭     
3号  12:5:30    com.android.mms   “短信”正在运行   可能导致系统卡顿，降低待机时间，点按关闭     
3号  12:5:30    com.android.mms   “短信”正在运行   可能导致系统卡顿，降低待机时间，点按关闭     
3号  12:11:5    4   “小米画报”正在运行   可能导致系统卡顿，降低待机时间，点按关闭     
3号  12:11:6    com.xiaomi.mi_connect_service   扫描设备   正在扫描周围设备     
3号  12:11:6    com.android.systemui   null   null     
3号  12:11:6    com.mi.health   后台服务   用于后台采集服务     
3号  12:11:10    com.android.systemui   null   null     
3号  12:11:10    com.android.systemui   null   null     
3号  12:11:43    com.mi.health   后台服务   用于后台采集服务     
3号  12:24:9    com.xiaomi.market   null   null     
3号  12:24:9    com.android.permissioncontroller   高德地图在后台获取了您的位置信息   此应用随时可以使用您的位置信息。点按即可更改。     
3号  12:24:38    com.xiaomi.shop   📣 放价啦！你的1069元学生补贴已就位   完成认证最高领1069元补贴：小米11 Pro立省400元，手环6抢券立减50元>>     
3号  12:27:29    tv.danmaku.bili   小米情报官: 【预告】雷军最艰难的十个选择   你关注的up主更新啦     
3号  12:27:29    com.android.systemui   null   null     
3号  12:29:32    4   “小米画报”正在运行   可能导致系统卡顿，降低待机时间，点按关闭     
3号  12:29:32    com.xiaomi.mi_connect_service   扫描设备   正在扫描周围设备     
3号  12:29:35    com.android.systemui   null   null     
3号  12:29:35    com.mi.health   后台服务   用于后台采集服务     
3号  12:53:41    android   选择输入法   中文（中国） - 搜狗输入法小米版     
3号  12:53:42    com.android.systemui   null   null     
3号  12:53:42    4   “小米画报”正在运行   可能导致系统卡顿，降低待机时间，点按关闭     
3号  12:53:42    com.mi.health   后台服务   用于后台采集服务     
3号  12:53:43    com.xiaomi.mi_connect_service   扫描设备   正在扫描周围设备     
3号  12:53:46    com.android.systemui   null   null     
3号  12:53:46    com.mi.health   后台服务   用于后台采集服务     
3号  12:53:46    android   选择输入法   中文（中国） - 搜狗输入法小米版     
3号  12:58:51    android   选择输入法   中文（中国） - 搜狗输入法小米版     
3号  12:59:24    android   选择输入法   中文（中国） - 搜狗输入法小米版     
3号  12:59:27    android   选择输入法   中文（中国） - 搜狗输入法小米版     
3号  12:59:34    android   选择输入法   中文（中国） - 搜狗输入法小米版     
3号  12:59:35    android   选择输入法   中文（中国） - 搜狗输入法小米版     
3号  12:59:45    android   选择输入法   中文（中国） - 搜狗输入法小米版     
3号  12:59:48    android   选择输入法   中文（中国） - 搜狗输入法小米版     
3号  12:59:54    android   选择输入法   中文（中国） - 搜狗输入法小米版     
3号  13:0:10    android   选择输入法   中文（中国） - 搜狗输入法小米版     
3号  13:0:16    android   选择输入法   中文（中国） - 搜狗输入法小米版     
3号  13:0:17    android   选择输入法   中文（中国） - 搜狗输入法小米版     
3号  13:0:40    com.miui.gallery   “相册”正在运行   可能导致系统卡顿，降低待机时间，点按关闭     
3号  13:3:33    com.android.mms   “短信”正在运行   可能导致系统卡顿，降低待机时间，点按关闭     
3号  13:3:33    com.android.mms   “短信”正在运行   可能导致系统卡顿，降低待机时间，点按关闭     
3号  13:3:33    com.android.mms   “短信”正在运行   可能导致系统卡顿，降低待机时间，点按关闭     
3号  13:3:33    com.android.mms   “短信”正在运行   可能导致系统卡顿，降低待机时间，点按关闭     
3号  13:3:33    com.android.mms   “短信”正在运行   可能导致系统卡顿，降低待机时间，点按关闭     
3号  13:3:33    com.android.mms   “短信”正在运行   可能导致系统卡顿，降低待机时间，点按关闭     
3号  13:3:33    com.android.mms   “短信”正在运行   可能导致系统卡顿，降低待机时间，点按关闭     
3号  13:3:33    com.android.mms   “短信”正在运行   可能导致系统卡顿，降低待机时间，点按关闭     
3号  13:3:33    com.android.mms   “短信”正在运行   可能导致系统卡顿，降低待机时间，点按关闭     
3号  13:3:33    com.android.mms   “短信”正在运行   可能导致系统卡顿，降低待机时间，点按关闭     
3号  13:3:33    com.android.mms   “短信”正在运行   可能导致系统卡顿，降低待机时间，点按关闭     
3号  13:3:33    com.android.mms   “短信”正在运行   可能导致系统卡顿，降低待机时间，点按关闭     
3号  13:3:33    com.android.mms   “短信”正在运行   可能导致系统卡顿，降低待机时间，点按关闭     
3号  13:3:33    com.android.mms   “短信”正在运行   可能导致系统卡顿，降低待机时间，点按关闭     
3号  13:3:33    com.android.mms   “短信”正在运行   可能导致系统卡顿，降低待机时间，点按关闭     
3号  13:4:20    android   选择输入法   中文（中国） - 搜狗输入法小米版     
3号  13:4:20    android   选择输入法   中文（中国） - 搜狗输入法小米版     
3号  13:4:20    android   选择输入法   中文（中国） - 搜狗输入法小米版     
3号  13:4:20    com.android.systemui   null   null     
3号  13:4:21    com.mi.health   后台服务   用于后台采集服务     
3号  15:52:39    android   选择输入法   中文（中国） - 搜狗输入法小米版     
3号  15:52:39    android   选择输入法   中文（中国） - 搜狗输入法小米版     
3号  15:52:40    android   选择输入法   中文（中国） - 搜狗输入法小米版     
3号  15:52:40    android   选择输入法   中文（中国） - 搜狗输入法小米版     
3号  15:52:40    android   选择输入法   中文（中国） - 搜狗输入法小米版     
3号  15:52:40    android   选择输入法   中文（中国） - 搜狗输入法小米版     
3号  15:52:40    4   “小米画报”正在运行   可能导致系统卡顿，降低待机时间，点按关闭     
3号  15:52:40    4   “小米画报”正在运行   可能导致系统卡顿，降低待机时间，点按关闭     
3号  15:52:41    com.mi.health   后台服务   用于后台采集服务     
3号  15:52:41    com.mi.health   后台服务   用于后台采集服务     
3号  15:52:41    com.xiaomi.mi_connect_service   扫描设备   正在扫描周围设备     
3号  15:52:41    com.xiaomi.mi_connect_service   扫描设备   正在扫描周围设备     
3号  15:52:52    com.mi.health   后台服务   用于后台采集服务     
3号  15:52:52    com.mi.health   后台服务   用于后台采集服务     
3号  15:55:39    4   “小米画报”正在运行   可能导致系统卡顿，降低待机时间，点按关闭     
3号  15:55:39    4   “小米画报”正在运行   可能导致系统卡顿，降低待机时间，点按关闭     
3号  15:55:39    com.xiaomi.mi_connect_service   扫描设备   正在扫描周围设备     
3号  15:55:39    com.xiaomi.mi_connect_service   扫描设备   正在扫描周围设备     
3号  15:55:41    com.mi.health   后台服务   用于后台采集服务     
3号  15:55:41    com.mi.health   后台服务   用于后台采集服务     
3号  15:57:44    com.mi.health   后台服务   用于后台采集服务     
3号  15:57:44    com.mi.health   后台服务   用于后台采集服务     
3号  16:7:29    4   “小米画报”正在运行   可能导致系统卡顿，降低待机时间，点按关闭     
3号  16:7:29    4   “小米画报”正在运行   可能导致系统卡顿，降低待机时间，点按关闭     
3号  16:7:29    com.miui.weather2   天气   更新数据服务正在后台运行     
3号  16:7:29    com.miui.weather2   天气   更新数据服务正在后台运行     
3号  16:7:30    com.xiaomi.mi_connect_service   扫描设备   正在扫描周围设备     
3号  16:7:30    com.xiaomi.mi_connect_service   扫描设备   正在扫描周围设备     
3号  16:7:30    com.mi.health   后台服务   用于后台采集服务     
3号  16:7:30    com.mi.health   后台服务   用于后台采集服务     
3号  16:7:36    com.mi.health   后台服务   用于后台采集服务     
3号  16:7:36    com.mi.health   后台服务   用于后台采集服务     
3号  16:7:39    4   “小米画报”正在运行   可能导致系统卡顿，降低待机时间，点按关闭     
3号  16:7:39    4   “小米画报”正在运行   可能导致系统卡顿，降低待机时间，点按关闭     
3号  16:7:40    com.xiaomi.mi_connect_service   扫描设备   正在扫描周围设备     
3号  16:7:40    com.xiaomi.mi_connect_service   扫描设备   正在扫描周围设备     
3号  16:7:40    com.mi.health   后台服务   用于后台采集服务     
3号  16:7:40    com.mi.health   后台服务   用于后台采集服务     
3号  16:8:1    android   选择输入法   中文（中国） - 搜狗输入法小米版     
3号  16:8:1    android   选择输入法   中文（中国） - 搜狗输入法小米版     
3号  16:42:18    android   选择输入法   中文（中国） - 搜狗输入法小米版     
3号  16:42:18    android   选择输入法   中文（中国） - 搜狗输入法小米版     
3号  16:42:18    com.android.systemui   null   null     
3号  16:42:18    4   “小米画报”正在运行   可能导致系统卡顿，降低待机时间，点按关闭     
3号  16:42:19    com.mi.health   后台服务   用于后台采集服务     
3号  16:42:19    com.android.systemui   null   null     
3号  16:42:19    com.mi.health   后台服务   用于后台采集服务     
3号  16:42:19    com.xiaomi.mi_connect_service   扫描设备   正在扫描周围设备     
3号  16:42:20    android   选择输入法   中文（中国） - 搜狗输入法小米版     
